<?xml version="1.0" encoding="UTF-8"?>
<!-- Generated by org.testng.reporters.JUnitXMLReporter -->
<testsuite ignored="0" hostname="DESKTOP-SK910QI" failures="0" tests="6" name="Default test" time="6.255" errors="0" timestamp="2022-06-06T21:49:52 IST">
  <testcase classname="DemoProject.DemoProject.DynamicJsonParsing" name="AddBook" time="4.151"/>
  <testcase classname="DemoProject.DemoProject.DynamicJsonParsing" name="AddBook" time="0.448"/>
  <testcase classname="DemoProject.DemoProject.DynamicJsonParsing" name="AddBook" time="0.434"/>
  <testcase classname="DemoProject.DemoProject.DynamicJsonParsing" name="DeleteBook" time="0.28"/>
  <testcase classname="DemoProject.DemoProject.DynamicJsonParsing" name="DeleteBook" time="0.491"/>
  <testcase classname="DemoProject.DemoProject.DynamicJsonParsing" name="DeleteBook" time="0.365"/>
</testsuite> <!-- Default test -->
