<?xml version="1.0" encoding="UTF-8"?>
<testng-results ignored="0" total="6" passed="6" failed="0" skipped="0">
  <reporter-output>
  </reporter-output>
  <suite started-at="2022-06-06T21:49:45 IST" name="Default suite" finished-at="2022-06-06T21:49:52 IST" duration-ms="6255">
    <groups>
    </groups>
    <test started-at="2022-06-06T21:49:45 IST" name="Default test" finished-at="2022-06-06T21:49:52 IST" duration-ms="6255">
      <class name="DemoProject.DemoProject.DynamicJsonParsing">
        <test-method signature="AddBook(java.lang.String,java.lang.String)[pri:0, instance:DemoProject.DemoProject.DynamicJsonParsing@550ee7e5]" started-at="2022-06-06T21:49:45 IST" name="AddBook" data-provider="BookDetails" finished-at="2022-06-06T21:49:50 IST" duration-ms="4151" status="PASS">
          <params>
            <param index="0">
              <value>
                <![CDATA[SatishJ]]>
              </value>
            </param>
            <param index="1">
              <value>
                <![CDATA[4643453]]>
              </value>
            </param>
          </params>
          <reporter-output>
          </reporter-output>
        </test-method> <!-- AddBook -->
        <test-method signature="AddBook(java.lang.String,java.lang.String)[pri:0, instance:DemoProject.DemoProject.DynamicJsonParsing@550ee7e5]" started-at="2022-06-06T21:49:50 IST" name="AddBook" data-provider="BookDetails" finished-at="2022-06-06T21:49:50 IST" duration-ms="448" status="PASS">
          <params>
            <param index="0">
              <value>
                <![CDATA[SatishJ]]>
              </value>
            </param>
            <param index="1">
              <value>
                <![CDATA[564646]]>
              </value>
            </param>
          </params>
          <reporter-output>
          </reporter-output>
        </test-method> <!-- AddBook -->
        <test-method signature="AddBook(java.lang.String,java.lang.String)[pri:0, instance:DemoProject.DemoProject.DynamicJsonParsing@550ee7e5]" started-at="2022-06-06T21:49:50 IST" name="AddBook" data-provider="BookDetails" finished-at="2022-06-06T21:49:50 IST" duration-ms="434" status="PASS">
          <params>
            <param index="0">
              <value>
                <![CDATA[SatishJ]]>
              </value>
            </param>
            <param index="1">
              <value>
                <![CDATA[23456]]>
              </value>
            </param>
          </params>
          <reporter-output>
          </reporter-output>
        </test-method> <!-- AddBook -->
        <test-method signature="DeleteBook(java.lang.String,java.lang.String)[pri:0, instance:DemoProject.DemoProject.DynamicJsonParsing@550ee7e5]" started-at="2022-06-06T21:49:50 IST" name="DeleteBook" data-provider="BookDetails" finished-at="2022-06-06T21:49:51 IST" depends-on-methods="DemoProject.DemoProject.DynamicJsonParsing.AddBook" duration-ms="280" status="PASS">
          <params>
            <param index="0">
              <value>
                <![CDATA[SatishJ]]>
              </value>
            </param>
            <param index="1">
              <value>
                <![CDATA[4643453]]>
              </value>
            </param>
          </params>
          <reporter-output>
          </reporter-output>
        </test-method> <!-- DeleteBook -->
        <test-method signature="DeleteBook(java.lang.String,java.lang.String)[pri:0, instance:DemoProject.DemoProject.DynamicJsonParsing@550ee7e5]" started-at="2022-06-06T21:49:51 IST" name="DeleteBook" data-provider="BookDetails" finished-at="2022-06-06T21:49:51 IST" depends-on-methods="DemoProject.DemoProject.DynamicJsonParsing.AddBook" duration-ms="491" status="PASS">
          <params>
            <param index="0">
              <value>
                <![CDATA[SatishJ]]>
              </value>
            </param>
            <param index="1">
              <value>
                <![CDATA[564646]]>
              </value>
            </param>
          </params>
          <reporter-output>
          </reporter-output>
        </test-method> <!-- DeleteBook -->
        <test-method signature="DeleteBook(java.lang.String,java.lang.String)[pri:0, instance:DemoProject.DemoProject.DynamicJsonParsing@550ee7e5]" started-at="2022-06-06T21:49:51 IST" name="DeleteBook" data-provider="BookDetails" finished-at="2022-06-06T21:49:52 IST" depends-on-methods="DemoProject.DemoProject.DynamicJsonParsing.AddBook" duration-ms="365" status="PASS">
          <params>
            <param index="0">
              <value>
                <![CDATA[SatishJ]]>
              </value>
            </param>
            <param index="1">
              <value>
                <![CDATA[23456]]>
              </value>
            </param>
          </params>
          <reporter-output>
          </reporter-output>
        </test-method> <!-- DeleteBook -->
      </class> <!-- DemoProject.DemoProject.DynamicJsonParsing -->
    </test> <!-- Default test -->
  </suite> <!-- Default suite -->
</testng-results>
